#-----------------------------------------------------------
# Vivado v2016.4 (64-bit)
# SW Build 1756540 on Mon Jan 23 19:11:19 MST 2017
# IP Build 1755317 on Mon Jan 23 20:30:07 MST 2017
# Start of session at: Wed Apr  4 10:23:35 2018
# Process ID: 19965
# Current directory: /home/sushant/Desktop/col216 lab/216_assignments/main_project
# Command line: vivado
# Log file: /home/sushant/Desktop/col216 lab/216_assignments/main_project/vivado.log
# Journal file: /home/sushant/Desktop/col216 lab/216_assignments/main_project/vivado.jou
#-----------------------------------------------------------
start_gui
open_project {/home/sushant/Desktop/col216 lab/216_assignments/main_project/main_project.xpr}
INFO: [Project 1-313] Project file moved from '/home/batman/216_assignments/main_project' since last save.
Scanning sources...
Finished scanning sources
INFO: [IP_Flow 19-234] Refreshing IP repositories
INFO: [IP_Flow 19-1704] No user IP repositories specified
INFO: [IP_Flow 19-2313] Loaded Vivado IP repository '/opt/Xilinx/Vivado/2016.4/data/ip'.
add_files -norecurse {{/home/sushant/Desktop/col216 lab/216_assignments/main_project/main_project.srcs/sources_1/new/controller_fsm.vhd}}
