#-----------------------------------------------------------
# Vivado v2016.4 (64-bit)
# SW Build 1756540 on Mon Jan 23 19:11:19 MST 2017
# IP Build 1755317 on Mon Jan 23 20:30:07 MST 2017
# Start of session at: Tue Mar  6 22:25:18 2018
# Process ID: 19998
# Current directory: /home/sushant/Desktop/col216 lab/216_assignments
# Command line: vivado
# Log file: /home/sushant/Desktop/col216 lab/216_assignments/vivado.log
# Journal file: /home/sushant/Desktop/col216 lab/216_assignments/vivado.jou
#-----------------------------------------------------------
start_gui
open_project {/home/sushant/Desktop/col216 lab/216_assignments/main_project/main_project.xpr}
Scanning sources...
Finished scanning sources
INFO: [IP_Flow 19-234] Refreshing IP repositories
INFO: [IP_Flow 19-1704] No user IP repositories specified
INFO: [IP_Flow 19-2313] Loaded Vivado IP repository '/opt/Xilinx/Vivado/2016.4/data/ip'.
file mkdir /home/sushant/Desktop/col216 lab/216_assignments/main_project/main_project.srcs/sim_1/new
file mkdir /home/sushant/Desktop/col216 lab/216_assignments/main_project/main_project.srcs/sim_1/new
file mkdir /home/sushant/Desktop/col216 lab/216_assignments/main_project/main_project.srcs/sim_1/new
file mkdir /home/sushant/Desktop/col216 lab/216_assignments/main_project/main_project.srcs/sim_1/new
file mkdir /home/sushant/Desktop/col216 lab/216_assignments/main_project/main_project.srcs/sim_1/new
set_property SOURCE_SET sources_1 [get_filesets sim_1]
file mkdir /home/sushant/Desktop/col216 lab/216_assignments/main_project/main_project.srcs/sim_1/new
file mkdir {/home/sushant/Desktop/col216 lab/216_assignments/main_project/main_project.srcs/sim_1/new}
close [ open {/home/sushant/Desktop/col216 lab/216_assignments/main_project/main_project.srcs/sim_1/new/alu_tb.vhd} w ]
add_files -fileset sim_1 {{/home/sushant/Desktop/col216 lab/216_assignments/main_project/main_project.srcs/sim_1/new/alu_tb.vhd}}
exit
INFO: [Common 17-206] Exiting Vivado at Tue Mar  6 23:48:31 2018...
