#-----------------------------------------------------------
# Vivado v2016.4 (64-bit)
# SW Build 1756540 on Mon Jan 23 19:11:19 MST 2017
# IP Build 1755317 on Mon Jan 23 20:30:07 MST 2017
# Start of session at: Tue Mar  6 14:56:24 2018
# Process ID: 10986
# Current directory: /home/sushant/Desktop/col216 lab/216_assignments
# Command line: vivado
# Log file: /home/sushant/Desktop/col216 lab/216_assignments/vivado.log
# Journal file: /home/sushant/Desktop/col216 lab/216_assignments/vivado.jou
#-----------------------------------------------------------
start_gui
open_project {/home/sushant/Desktop/col216 lab/216_assignments/main_project/main_project.xpr}
Scanning sources...
Finished scanning sources
INFO: [IP_Flow 19-234] Refreshing IP repositories
INFO: [IP_Flow 19-1704] No user IP repositories specified
INFO: [IP_Flow 19-2313] Loaded Vivado IP repository '/opt/Xilinx/Vivado/2016.4/data/ip'.
create_bd_design "BRAM"
Wrote  : </home/sushant/Desktop/col216 lab/216_assignments/main_project/main_project.srcs/sources_1/bd/BRAM/BRAM.bd> 
startgroup
create_bd_cell -type ip -vlnv xilinx.com:ip:blk_mem_gen:8.3 blk_mem_gen_0
INFO: [Device 21-403] Loading part xc7a35tcpg236-1
create_bd_cell: Time (s): cpu = 00:00:04 ; elapsed = 00:00:05 . Memory (MB): peak = 6070.738 ; gain = 153.188 ; free physical = 26334 ; free virtual = 30220
endgroup
WARNING: [IP_Flow 19-4067] Ignoring invalid widget type specified checkbox.Providing a default widget
WARNING: [IP_Flow 19-4067] Ignoring invalid widget type specified checkbox.Providing a default widget
startgroup
set_property -dict [list CONFIG.Memory_Type {Single_Port_RAM} CONFIG.Enable_B {Always_Enabled} CONFIG.Use_RSTB_Pin {false} CONFIG.Port_B_Clock {0} CONFIG.Port_B_Write_Rate {0} CONFIG.Port_B_Enable_Rate {0}] [get_bd_cells blk_mem_gen_0]
endgroup
startgroup
create_bd_intf_port -mode Slave -vlnv xilinx.com:interface:bram_rtl:1.0 BRAM_PORTA
set_property CONFIG.MASTER_TYPE [get_property CONFIG.MASTER_TYPE [get_bd_intf_pins blk_mem_gen_0/BRAM_PORTA]] [get_bd_intf_ports BRAM_PORTA]
connect_bd_intf_net [get_bd_intf_pins blk_mem_gen_0/BRAM_PORTA] [get_bd_intf_ports BRAM_PORTA]
endgroup
validate_bd_design
make_wrapper -files [get_files {{/home/sushant/Desktop/col216 lab/216_assignments/main_project/main_project.srcs/sources_1/bd/BRAM/BRAM.bd}}] -top
INFO: [BD 41-1662] The design 'BRAM.bd' is already validated. Therefore parameter propagation will not be re-run.
VHDL Output written to : /home/sushant/Desktop/col216 lab/216_assignments/main_project/main_project.srcs/sources_1/bd/BRAM/hdl/BRAM.vhd
VHDL Output written to : /home/sushant/Desktop/col216 lab/216_assignments/main_project/main_project.srcs/sources_1/bd/BRAM/hdl/BRAM_wrapper.vhd
Wrote  : </home/sushant/Desktop/col216 lab/216_assignments/main_project/main_project.srcs/sources_1/bd/BRAM/BRAM.bd> 
import_files -force -norecurse {{/home/sushant/Desktop/col216 lab/216_assignments/main_project/main_project.srcs/sources_1/bd/BRAM/hdl/BRAM_wrapper.vhd}}
create_bd_design "BRAM2"
Wrote  : </home/sushant/Desktop/col216 lab/216_assignments/main_project/main_project.srcs/sources_1/bd/BRAM2/BRAM2.bd> 
startgroup
create_bd_cell -type ip -vlnv xilinx.com:ip:blk_mem_gen:8.3 blk_mem_gen_0
endgroup
WARNING: [IP_Flow 19-4067] Ignoring invalid widget type specified checkbox.Providing a default widget
WARNING: [IP_Flow 19-4067] Ignoring invalid widget type specified checkbox.Providing a default widget
save_bd_design
Wrote  : </home/sushant/Desktop/col216 lab/216_assignments/main_project/main_project.srcs/sources_1/bd/BRAM2/BRAM2.bd> 
close_bd_design [get_bd_designs BRAM2]
remove_files  {{/home/sushant/Desktop/col216 lab/216_assignments/main_project/main_project.srcs/sources_1/bd/BRAM2/BRAM2.bd}}
file delete -force {/home/sushant/Desktop/col216 lab/216_assignments/main_project/main_project.srcs/sources_1/bd/BRAM2}
exit
INFO: [Common 17-206] Exiting Vivado at Tue Mar  6 17:19:31 2018...
